-------------------------------------------------------------------------------
Test set: org.example.UserTest
-------------------------------------------------------------------------------
Tests run: 1, Failures: 1, Errors: 0, Skipped: 0, Time elapsed: 0.04 s <<< FAILURE! - in org.example.UserTest
testTheTests  Time elapsed: 0.037 s  <<< FAILURE!
org.opentest4j.AssertionFailedError: 

Expecting value to be true but was false
	at org.example.UserTest.testTheTests(UserTest.java:11)

